<?xml version="1.0" encoding="UTF-8"?>
<testsuite xmlns:xsi="http://www.w3.org/2001/XMLSchema-instance" xsi:noNamespaceSchemaLocation="https://maven.apache.org/surefire/maven-surefire-plugin/xsd/surefire-test-report.xsd" name="stepdefs.TestRunner" time="2.11" tests="2" errors="0" skipped="0" failures="1">
  <properties>
    <property name="sun.desktop" value="windows"/>
    <property name="awt.toolkit" value="sun.awt.windows.WToolkit"/>
    <property name="file.encoding.pkg" value="sun.io"/>
    <property name="java.specification.version" value="1.8"/>
    <property name="sun.cpu.isalist" value="amd64"/>
    <property name="sun.jnu.encoding" value="Cp1252"/>
    <property name="java.class.path" value="C:\Users\JE\Desktop\Workspace\Test111\target\test-classes;C:\Users\JE\Desktop\Workspace\Test111\target\classes;C:\Users\JE\.m2\repository\io\cucumber\cucumber-java\6.8.0\cucumber-java-6.8.0.jar;C:\Users\JE\.m2\repository\io\cucumber\cucumber-core\6.8.0\cucumber-core-6.8.0.jar;C:\Users\JE\.m2\repository\io\cucumber\cucumber-gherkin\6.8.0\cucumber-gherkin-6.8.0.jar;C:\Users\JE\.m2\repository\io\cucumber\cucumber-gherkin-messages\6.8.0\cucumber-gherkin-messages-6.8.0.jar;C:\Users\JE\.m2\repository\io\cucumber\messages\13.1.0\messages-13.1.0.jar;C:\Users\JE\.m2\repository\io\cucumber\tag-expressions\3.0.0\tag-expressions-3.0.0.jar;C:\Users\JE\.m2\repository\io\cucumber\cucumber-expressions\10.3.0\cucumber-expressions-10.3.0.jar;C:\Users\JE\.m2\repository\io\cucumber\datatable\3.5.0\datatable-3.5.0.jar;C:\Users\JE\.m2\repository\io\cucumber\cucumber-plugin\6.8.0\cucumber-plugin-6.8.0.jar;C:\Users\JE\.m2\repository\io\cucumber\docstring\6.8.0\docstring-6.8.0.jar;C:\Users\JE\.m2\repository\io\cucumber\html-formatter\9.0.0\html-formatter-9.0.0.jar;C:\Users\JE\.m2\repository\io\cucumber\create-meta\2.0.2\create-meta-2.0.2.jar;C:\Users\JE\.m2\repository\org\apiguardian\apiguardian-api\1.1.0\apiguardian-api-1.1.0.jar;C:\Users\JE\.m2\repository\io\cucumber\cucumber-junit\6.8.0\cucumber-junit-6.8.0.jar;C:\Users\JE\.m2\repository\junit\junit\4.13\junit-4.13.jar;C:\Users\JE\.m2\repository\org\hamcrest\hamcrest-core\1.3\hamcrest-core-1.3.jar;C:\Users\JE\.m2\repository\org\seleniumhq\selenium\selenium-java\3.141.59\selenium-java-3.141.59.jar;C:\Users\JE\.m2\repository\org\seleniumhq\selenium\selenium-api\3.141.59\selenium-api-3.141.59.jar;C:\Users\JE\.m2\repository\org\seleniumhq\selenium\selenium-chrome-driver\3.141.59\selenium-chrome-driver-3.141.59.jar;C:\Users\JE\.m2\repository\org\seleniumhq\selenium\selenium-edge-driver\3.141.59\selenium-edge-driver-3.141.59.jar;C:\Users\JE\.m2\repository\org\seleniumhq\selenium\selenium-firefox-driver\3.141.59\selenium-firefox-driver-3.141.59.jar;C:\Users\JE\.m2\repository\org\seleniumhq\selenium\selenium-ie-driver\3.141.59\selenium-ie-driver-3.141.59.jar;C:\Users\JE\.m2\repository\org\seleniumhq\selenium\selenium-opera-driver\3.141.59\selenium-opera-driver-3.141.59.jar;C:\Users\JE\.m2\repository\org\seleniumhq\selenium\selenium-remote-driver\3.141.59\selenium-remote-driver-3.141.59.jar;C:\Users\JE\.m2\repository\org\seleniumhq\selenium\selenium-safari-driver\3.141.59\selenium-safari-driver-3.141.59.jar;C:\Users\JE\.m2\repository\org\seleniumhq\selenium\selenium-support\3.141.59\selenium-support-3.141.59.jar;C:\Users\JE\.m2\repository\net\bytebuddy\byte-buddy\1.8.15\byte-buddy-1.8.15.jar;C:\Users\JE\.m2\repository\org\apache\commons\commons-exec\1.3\commons-exec-1.3.jar;C:\Users\JE\.m2\repository\com\google\guava\guava\25.0-jre\guava-25.0-jre.jar;C:\Users\JE\.m2\repository\com\google\code\findbugs\jsr305\1.3.9\jsr305-1.3.9.jar;C:\Users\JE\.m2\repository\org\checkerframework\checker-compat-qual\2.0.0\checker-compat-qual-2.0.0.jar;C:\Users\JE\.m2\repository\com\google\errorprone\error_prone_annotations\2.1.3\error_prone_annotations-2.1.3.jar;C:\Users\JE\.m2\repository\com\google\j2objc\j2objc-annotations\1.1\j2objc-annotations-1.1.jar;C:\Users\JE\.m2\repository\org\codehaus\mojo\animal-sniffer-annotations\1.14\animal-sniffer-annotations-1.14.jar;C:\Users\JE\.m2\repository\com\squareup\okhttp3\okhttp\3.11.0\okhttp-3.11.0.jar;C:\Users\JE\.m2\repository\com\squareup\okio\okio\1.14.0\okio-1.14.0.jar;C:\Users\JE\.m2\repository\io\cucumber\cucumber-picocontainer\6.8.0\cucumber-picocontainer-6.8.0.jar;C:\Users\JE\.m2\repository\org\picocontainer\picocontainer\2.15\picocontainer-2.15.jar;"/>
    <property name="java.vm.vendor" value="Oracle Corporation"/>
    <property name="sun.arch.data.model" value="64"/>
    <property name="user.variant" value=""/>
    <property name="java.vendor.url" value="http://java.oracle.com/"/>
    <property name="user.timezone" value="Asia/Shanghai"/>
    <property name="java.vm.specification.version" value="1.8"/>
    <property name="os.name" value="Windows 10"/>
    <property name="user.country" value="PH"/>
    <property name="sun.java.launcher" value="SUN_STANDARD"/>
    <property name="sun.boot.library.path" value="C:\Program Files\Java\jdk1.8.0_261\jre\bin"/>
    <property name="sun.java.command" value="C:\Users\JE\AppData\Local\Temp\surefire4802277694189898869\surefirebooter693004887991762095.jar C:\Users\JE\AppData\Local\Temp\surefire4802277694189898869 2020-10-13T08-42-45_531-jvmRun1 surefire2299173571242885320tmp surefire_03948155033284251976tmp"/>
    <property name="surefire.test.class.path" value="C:\Users\JE\Desktop\Workspace\Test111\target\test-classes;C:\Users\JE\Desktop\Workspace\Test111\target\classes;C:\Users\JE\.m2\repository\io\cucumber\cucumber-java\6.8.0\cucumber-java-6.8.0.jar;C:\Users\JE\.m2\repository\io\cucumber\cucumber-core\6.8.0\cucumber-core-6.8.0.jar;C:\Users\JE\.m2\repository\io\cucumber\cucumber-gherkin\6.8.0\cucumber-gherkin-6.8.0.jar;C:\Users\JE\.m2\repository\io\cucumber\cucumber-gherkin-messages\6.8.0\cucumber-gherkin-messages-6.8.0.jar;C:\Users\JE\.m2\repository\io\cucumber\messages\13.1.0\messages-13.1.0.jar;C:\Users\JE\.m2\repository\io\cucumber\tag-expressions\3.0.0\tag-expressions-3.0.0.jar;C:\Users\JE\.m2\repository\io\cucumber\cucumber-expressions\10.3.0\cucumber-expressions-10.3.0.jar;C:\Users\JE\.m2\repository\io\cucumber\datatable\3.5.0\datatable-3.5.0.jar;C:\Users\JE\.m2\repository\io\cucumber\cucumber-plugin\6.8.0\cucumber-plugin-6.8.0.jar;C:\Users\JE\.m2\repository\io\cucumber\docstring\6.8.0\docstring-6.8.0.jar;C:\Users\JE\.m2\repository\io\cucumber\html-formatter\9.0.0\html-formatter-9.0.0.jar;C:\Users\JE\.m2\repository\io\cucumber\create-meta\2.0.2\create-meta-2.0.2.jar;C:\Users\JE\.m2\repository\org\apiguardian\apiguardian-api\1.1.0\apiguardian-api-1.1.0.jar;C:\Users\JE\.m2\repository\io\cucumber\cucumber-junit\6.8.0\cucumber-junit-6.8.0.jar;C:\Users\JE\.m2\repository\junit\junit\4.13\junit-4.13.jar;C:\Users\JE\.m2\repository\org\hamcrest\hamcrest-core\1.3\hamcrest-core-1.3.jar;C:\Users\JE\.m2\repository\org\seleniumhq\selenium\selenium-java\3.141.59\selenium-java-3.141.59.jar;C:\Users\JE\.m2\repository\org\seleniumhq\selenium\selenium-api\3.141.59\selenium-api-3.141.59.jar;C:\Users\JE\.m2\repository\org\seleniumhq\selenium\selenium-chrome-driver\3.141.59\selenium-chrome-driver-3.141.59.jar;C:\Users\JE\.m2\repository\org\seleniumhq\selenium\selenium-edge-driver\3.141.59\selenium-edge-driver-3.141.59.jar;C:\Users\JE\.m2\repository\org\seleniumhq\selenium\selenium-firefox-driver\3.141.59\selenium-firefox-driver-3.141.59.jar;C:\Users\JE\.m2\repository\org\seleniumhq\selenium\selenium-ie-driver\3.141.59\selenium-ie-driver-3.141.59.jar;C:\Users\JE\.m2\repository\org\seleniumhq\selenium\selenium-opera-driver\3.141.59\selenium-opera-driver-3.141.59.jar;C:\Users\JE\.m2\repository\org\seleniumhq\selenium\selenium-remote-driver\3.141.59\selenium-remote-driver-3.141.59.jar;C:\Users\JE\.m2\repository\org\seleniumhq\selenium\selenium-safari-driver\3.141.59\selenium-safari-driver-3.141.59.jar;C:\Users\JE\.m2\repository\org\seleniumhq\selenium\selenium-support\3.141.59\selenium-support-3.141.59.jar;C:\Users\JE\.m2\repository\net\bytebuddy\byte-buddy\1.8.15\byte-buddy-1.8.15.jar;C:\Users\JE\.m2\repository\org\apache\commons\commons-exec\1.3\commons-exec-1.3.jar;C:\Users\JE\.m2\repository\com\google\guava\guava\25.0-jre\guava-25.0-jre.jar;C:\Users\JE\.m2\repository\com\google\code\findbugs\jsr305\1.3.9\jsr305-1.3.9.jar;C:\Users\JE\.m2\repository\org\checkerframework\checker-compat-qual\2.0.0\checker-compat-qual-2.0.0.jar;C:\Users\JE\.m2\repository\com\google\errorprone\error_prone_annotations\2.1.3\error_prone_annotations-2.1.3.jar;C:\Users\JE\.m2\repository\com\google\j2objc\j2objc-annotations\1.1\j2objc-annotations-1.1.jar;C:\Users\JE\.m2\repository\org\codehaus\mojo\animal-sniffer-annotations\1.14\animal-sniffer-annotations-1.14.jar;C:\Users\JE\.m2\repository\com\squareup\okhttp3\okhttp\3.11.0\okhttp-3.11.0.jar;C:\Users\JE\.m2\repository\com\squareup\okio\okio\1.14.0\okio-1.14.0.jar;C:\Users\JE\.m2\repository\io\cucumber\cucumber-picocontainer\6.8.0\cucumber-picocontainer-6.8.0.jar;C:\Users\JE\.m2\repository\org\picocontainer\picocontainer\2.15\picocontainer-2.15.jar;"/>
    <property name="sun.cpu.endian" value="little"/>
    <property name="user.home" value="C:\Users\JE"/>
    <property name="user.language" value="en"/>
    <property name="java.specification.vendor" value="Oracle Corporation"/>
    <property name="java.home" value="C:\Program Files\Java\jdk1.8.0_261\jre"/>
    <property name="basedir" value="C:\Users\JE\Desktop\Workspace\Test111"/>
    <property name="file.separator" value="\"/>
    <property name="line.separator" value="&#10;"/>
    <property name="java.vm.specification.vendor" value="Oracle Corporation"/>
    <property name="java.specification.name" value="Java Platform API Specification"/>
    <property name="java.awt.graphicsenv" value="sun.awt.Win32GraphicsEnvironment"/>
    <property name="surefire.real.class.path" value="C:\Users\JE\AppData\Local\Temp\surefire4802277694189898869\surefirebooter693004887991762095.jar"/>
    <property name="sun.boot.class.path" value="C:\Program Files\Java\jdk1.8.0_261\jre\lib\resources.jar;C:\Program Files\Java\jdk1.8.0_261\jre\lib\rt.jar;C:\Program Files\Java\jdk1.8.0_261\jre\lib\sunrsasign.jar;C:\Program Files\Java\jdk1.8.0_261\jre\lib\jsse.jar;C:\Program Files\Java\jdk1.8.0_261\jre\lib\jce.jar;C:\Program Files\Java\jdk1.8.0_261\jre\lib\charsets.jar;C:\Program Files\Java\jdk1.8.0_261\jre\lib\jfr.jar;C:\Program Files\Java\jdk1.8.0_261\jre\classes"/>
    <property name="user.script" value=""/>
    <property name="sun.management.compiler" value="HotSpot 64-Bit Tiered Compilers"/>
    <property name="java.runtime.version" value="1.8.0_261-b12"/>
    <property name="user.name" value="JE"/>
    <property name="path.separator" value=";"/>
    <property name="os.version" value="10.0"/>
    <property name="java.endorsed.dirs" value="C:\Program Files\Java\jdk1.8.0_261\jre\lib\endorsed"/>
    <property name="java.runtime.name" value="Java(TM) SE Runtime Environment"/>
    <property name="file.encoding" value="Cp1252"/>
    <property name="java.vm.name" value="Java HotSpot(TM) 64-Bit Server VM"/>
    <property name="localRepository" value="C:\Users\JE\.m2\repository"/>
    <property name="java.vendor.url.bug" value="http://bugreport.sun.com/bugreport/"/>
    <property name="java.io.tmpdir" value="C:\Users\JE\AppData\Local\Temp\"/>
    <property name="java.version" value="1.8.0_261"/>
    <property name="user.dir" value="C:\Users\JE\Desktop\Workspace\Test111"/>
    <property name="os.arch" value="amd64"/>
    <property name="java.vm.specification.name" value="Java Virtual Machine Specification"/>
    <property name="java.awt.printerjob" value="sun.awt.windows.WPrinterJob"/>
    <property name="sun.os.patch.level" value=""/>
    <property name="java.library.path" value="C:\Program Files\Java\jdk1.8.0_261\jre\bin;C:\windows\Sun\Java\bin;C:\windows\system32;C:\windows;C:\Program Files\Common Files\Oracle\Java\javapath;C:\Program Files (x86)\Common Files\Oracle\Java\javapath;C:\windows\system32;C:\windows;C:\windows\System32\Wbem;C:\windows\System32\WindowsPowerShell\v1.0\;C:\windows\System32\OpenSSH\;C:\Program Files\Java\jdk1.8.0_261\bin;C:\Program Files\apache-maven-3.6.3\bin;C:\Users\JE\AppData\Local\Microsoft\WindowsApps;;."/>
    <property name="java.vm.info" value="mixed mode"/>
    <property name="java.vendor" value="Oracle Corporation"/>
    <property name="java.vm.version" value="25.261-b12"/>
    <property name="java.ext.dirs" value="C:\Program Files\Java\jdk1.8.0_261\jre\lib\ext;C:\windows\Sun\Java\lib\ext"/>
    <property name="sun.io.unicode.encoding" value="UnicodeLittle"/>
    <property name="java.class.version" value="52.0"/>
  </properties>
  <testcase name="Run a non failing scenario" classname="Test cucumber reporting plugin" time="0.348"/>
  <testcase name="Run a failing scenario" classname="Test cucumber reporting plugin" time="0.015">
    <failure type="java.lang.AssertionError">java.lang.AssertionError
</failure>
    <system-out><![CDATA[a not successful step
]]></system-out>
  </testcase>
</testsuite>